0
2056
0
0
0
0
0
0
MOV SP, 4121
PUSH R1
PUSH R2
PUSH R3
PUSH R4
PUSH R5
PUSH R6
PUSH R7
PUSH R8
PUSH R9
PUSH R10
PUSH R11
PUSH R12
PUSH R13
PUSH R14
PUSH R15
PUSH R16
PUSH R17
PUSH R18
PUSH R19
MOV R0,"Read"
PUSH R0
MOV R0,-1
PUSH R0
MOV R0, 4096
PUSH R0
PUSH R0
PUSH R0
CALL 0
POP R0
POP R1
POP R1
POP R1
POP R1
POP R19
POP R18
POP R17
POP R16
POP R15
POP R14
POP R13
POP R12
POP R11
POP R10
POP R9
POP R8
POP R7
POP R6
POP R5
POP R4
POP R3
POP R2
POP R1
PUSH R1
PUSH R2
PUSH R3
PUSH R4
PUSH R5
PUSH R6
PUSH R7
PUSH R8
PUSH R9
PUSH R10
PUSH R11
PUSH R12
PUSH R13
PUSH R14
PUSH R15
PUSH R16
PUSH R17
PUSH R18
PUSH R19
MOV R0,"Read"
PUSH R0
MOV R0,-1
PUSH R0
MOV R0, 4097
PUSH R0
PUSH R0
PUSH R0
CALL 0
POP R0
POP R1
POP R1
POP R1
POP R1
POP R19
POP R18
POP R17
POP R16
POP R15
POP R14
POP R13
POP R12
POP R11
POP R10
POP R9
POP R8
POP R7
POP R6
POP R5
POP R4
POP R3
POP R2
POP R1
PUSH R1
PUSH R2
PUSH R3
PUSH R4
PUSH R5
PUSH R6
PUSH R7
PUSH R8
PUSH R9
PUSH R10
PUSH R11
PUSH R12
PUSH R13
PUSH R14
PUSH R15
PUSH R16
PUSH R17
PUSH R18
PUSH R19
MOV R0,"Read"
PUSH R0
MOV R0,-1
PUSH R0
MOV R0, 4098
PUSH R0
PUSH R0
PUSH R0
CALL 0
POP R0
POP R1
POP R1
POP R1
POP R1
POP R19
POP R18
POP R17
POP R16
POP R15
POP R14
POP R13
POP R12
POP R11
POP R10
POP R9
POP R8
POP R7
POP R6
POP R5
POP R4
POP R3
POP R2
POP R1
MOV R1, [4096]
MOV R2, [4097]
LT R1, R2
JZ R1, L0
MOV R2, [4097]
MOV R3, [4098]
LT R2, R3
JZ R2, L1
MOV R3, [4098]
PUSH R1
PUSH R2
PUSH R3
PUSH R4
PUSH R5
PUSH R6
PUSH R7
PUSH R8
PUSH R9
PUSH R10
PUSH R11
PUSH R12
PUSH R13
PUSH R14
PUSH R15
PUSH R16
PUSH R17
PUSH R18
PUSH R19
MOV R0,"Write"
PUSH R0
MOV R0,-2
PUSH R0
MOV R0, R3
PUSH R0
PUSH R0
PUSH R0
CALL 0
POP R0
POP R1
POP R1
POP R1
POP R1
POP R19
POP R18
POP R17
POP R16
POP R15
POP R14
POP R13
POP R12
POP R11
POP R10
POP R9
POP R8
POP R7
POP R6
POP R5
POP R4
POP R3
POP R2
POP R1
JMP L2
L1:
MOV R3, [4097]
PUSH R1
PUSH R2
PUSH R3
PUSH R4
PUSH R5
PUSH R6
PUSH R7
PUSH R8
PUSH R9
PUSH R10
PUSH R11
PUSH R12
PUSH R13
PUSH R14
PUSH R15
PUSH R16
PUSH R17
PUSH R18
PUSH R19
MOV R0,"Write"
PUSH R0
MOV R0,-2
PUSH R0
MOV R0, R3
PUSH R0
PUSH R0
PUSH R0
CALL 0
POP R0
POP R1
POP R1
POP R1
POP R1
POP R19
POP R18
POP R17
POP R16
POP R15
POP R14
POP R13
POP R12
POP R11
POP R10
POP R9
POP R8
POP R7
POP R6
POP R5
POP R4
POP R3
POP R2
POP R1
L2:
JMP L3
L0:
MOV R3, [4096]
MOV R4, [4098]
LT R3, R4
JZ R3, L4
MOV R4, [4098]
PUSH R1
PUSH R2
PUSH R3
PUSH R4
PUSH R5
PUSH R6
PUSH R7
PUSH R8
PUSH R9
PUSH R10
PUSH R11
PUSH R12
PUSH R13
PUSH R14
PUSH R15
PUSH R16
PUSH R17
PUSH R18
PUSH R19
MOV R0,"Write"
PUSH R0
MOV R0,-2
PUSH R0
MOV R0, R4
PUSH R0
PUSH R0
PUSH R0
CALL 0
POP R0
POP R1
POP R1
POP R1
POP R1
POP R19
POP R18
POP R17
POP R16
POP R15
POP R14
POP R13
POP R12
POP R11
POP R10
POP R9
POP R8
POP R7
POP R6
POP R5
POP R4
POP R3
POP R2
POP R1
JMP L5
L4:
MOV R4, [4096]
PUSH R1
PUSH R2
PUSH R3
PUSH R4
PUSH R5
PUSH R6
PUSH R7
PUSH R8
PUSH R9
PUSH R10
PUSH R11
PUSH R12
PUSH R13
PUSH R14
PUSH R15
PUSH R16
PUSH R17
PUSH R18
PUSH R19
MOV R0,"Write"
PUSH R0
MOV R0,-2
PUSH R0
MOV R0, R4
PUSH R0
PUSH R0
PUSH R0
CALL 0
POP R0
POP R1
POP R1
POP R1
POP R1
POP R19
POP R18
POP R17
POP R16
POP R15
POP R14
POP R13
POP R12
POP R11
POP R10
POP R9
POP R8
POP R7
POP R6
POP R5
POP R4
POP R3
POP R2
POP R1
L5:
L3:
PUSH R1
PUSH R2
PUSH R3
PUSH R4
PUSH R5
PUSH R6
PUSH R7
PUSH R8
PUSH R9
PUSH R10
PUSH R11
PUSH R12
PUSH R13
PUSH R14
PUSH R15
PUSH R16
PUSH R17
PUSH R18
PUSH R19
MOV R0,"Exit"
PUSH R0
PUSH R0
PUSH R0
PUSH R0
PUSH R0
CALL 0
POP R0
POP R1
POP R1
POP R1
POP R1
POP R19
POP R18
POP R17
POP R16
POP R15
POP R14
POP R13
POP R12
POP R11
POP R10
POP R9
POP R8
POP R7
POP R6
POP R5
POP R4
POP R3
POP R2
POP R1
