0
2056
0
0
0
0
0
0
MOV R2, SP
MOV SP, 4108
L0:
ADD R2, 1
MOV R1, R2
MOV [R1], 0
EQ R1, SP
JZ R1, L0
ADD SP, 1
MOV R1, 4096
MOV [R1], 4097
MOV R1, 4097
MOV [R1], 4100
MOV R1, 4098
MOV [R1], 4103
MOV R1, 4099
MOV [R1], 4106
CALL MAIN
CALL EXIT
MAIN:
PUSH BP
MOV BP, SP
MOV R2, SP
ADD SP, 1
L1:
ADD R2, 1
MOV R1, R2
MOV [R1], 0
EQ R1, SP
JZ R1, L1
PUSH R1
MOV R0,"Initialize"
PUSH R0
PUSH R0
PUSH R0
PUSH R0
PUSH R0
CALL 0
POP R0
POP R1
POP R1
POP R1
POP R1
POP R1
MOV R1, R0
MOV R2, BP
ADD R2, 1
MOV [R2], R1
PUSH R1
MOV R0,"Alloc"
PUSH R0
PUSH R0
PUSH R0
PUSH R0
PUSH R0
CALL 0
POP R0
POP R1
POP R1
POP R1
POP R1
POP R1
MOV R1, R0
MOV R2, 4096
MOV R2, [R2]
MOV R3, 0
ADD R2, R3
MOV R2, [R2]
MOV R3, 0
ADD R2, R3
MOV [R2], R1
MOV R1, 4096
MOV R1, [R1]
MOV R2, 0
ADD R1, R2
MOV R1, [R1]
MOV R2, 0
ADD R1, R2
MOV R1, [R1]
ADD R1, 0
PUSH R1
MOV R0,"Read"
PUSH R0
MOV R0,-1
PUSH R0
MOV R0, R1
PUSH R0
PUSH R0
PUSH R0
CALL 0
POP R0
POP R1
POP R1
POP R1
POP R1
POP R1
MOV R1, 4096
MOV R1, [R1]
MOV R2, 0
ADD R1, R2
MOV R1, [R1]
MOV R2, 0
ADD R1, R2
MOV R1, [R1]
ADD R1, 0
MOV R1, [R1]
PUSH R1
MOV R0,"Write"
PUSH R0
MOV R0,-2
PUSH R0
MOV R0, R1
PUSH R0
PUSH R0
PUSH R0
CALL 0
POP R0
POP R1
POP R1
POP R1
POP R1
POP R1
POP R0
POP BP
RET
EXIT:
MOV R0,"Exit"
PUSH R0
PUSH R0
PUSH R0
PUSH R0
PUSH R0
CALL 0
POP R0
POP R1
POP R1
POP R1
POP R1
