0
GEN
0
0
0
0
0
0
F0:
PUSH BP
MOV BP, SP
MOV R1, 0
MOV R2, BP
ADD R2, -4
MOV R2, [R2]
ADD R2, 0
MOV [R2], R1
MOV R1, 1
MOV R2, BP
SUB R2, 2
MOV [R2], R1
POP BP
RET
F1:
PUSH BP
MOV BP, SP
MOV R1, BP
ADD R1, -4
MOV R1, [R1]
ADD R1, 0
MOV R1, [R1]
MOV R2, BP
SUB R2, 2
MOV [R2], R1
POP BP
RET
F2:
PUSH BP
MOV BP, SP
MOV R1, BP
ADD R1, -3
MOV R1, [R1]
MOV R2, BP
ADD R2, -5
MOV R2, [R2]
ADD R2, 0
MOV [R2], R1
MOV R1, 1
MOV R2, BP
SUB R2, 2
MOV [R2], R1
POP BP
RET
F3:
PUSH BP
MOV BP, SP
MOV R2, SP
ADD SP, 1
L3:
ADD R2, 1
MOV R1, R2
MOV [R1], 0
EQ R1, SP
JZ R1, L3
PUSH R1
MOV R0,"Alloc"
PUSH R0
PUSH R0
PUSH R0
PUSH R0
PUSH R0
CALL 0
POP R0
POP R1
POP R1
POP R1
POP R1
POP R1
MOV R1, R0
MOV R2, BP
ADD R2, 1
MOV [R2], R1
MOV R1, BP
ADD R1, -3
MOV R1, [R1]
MOV R2, BP
ADD R2, 1
MOV R2, [R2]
ADD R2, 0
MOV [R2], R1
MOV R1, 0
MOV R2, BP
ADD R2, 1
MOV R2, [R2]
ADD R2, 1
MOV [R2], R1
MOV R1, 0
MOV R2, BP
ADD R2, 1
MOV R2, [R2]
ADD R2, 2
MOV [R2], R1
MOV R1, BP
ADD R1, 1
MOV R1, [R1]
MOV R2, BP
SUB R2, 2
MOV [R2], R1
POP R0
POP BP
RET
F4:
PUSH BP
MOV BP, SP
MOV R2, SP
ADD SP, 1
L4:
ADD R2, 1
MOV R1, R2
MOV [R1], 0
EQ R1, SP
JZ R1, L4
MOV R1, BP
ADD R1, -3
MOV R1, [R1]
MOV R2, 0
EQ R1, R2
JZ R1, L5
MOV R1, BP
ADD R1, -6
ADD R1, 1
MOV R1, [R1]
ADD R1, 3
PUSH R1
MOV R2, BP
ADD R2, -6
MOV R2, [R2]
PUSH R2
MOV R2, 4096
PUSH R2
MOV R2, BP
ADD R2, -4
MOV R2, [R2]
PUSH R2
PUSH R0
MOV R1, [R1]
CALL R1
POP R0
POP R1
POP R1
POP R1
POP R1
MOV R1, R0
MOV R2, BP
ADD R2, -3
MOV [R2], R1
JMP L6
L5:
MOV R1, BP
ADD R1, -4
MOV R1, [R1]
MOV R2, BP
ADD R2, -3
MOV R2, [R2]
ADD R2, 0
MOV R2, [R2]
LT R1, R2
JZ R1, L7
MOV R1, BP
ADD R1, -6
ADD R1, 1
MOV R1, [R1]
ADD R1, 4
PUSH R1
MOV R2, BP
ADD R2, -6
MOV R2, [R2]
PUSH R2
MOV R2, 4096
PUSH R2
MOV R2, BP
ADD R2, -4
MOV R2, [R2]
PUSH R2
MOV R2, BP
ADD R2, -3
MOV R2, [R2]
ADD R2, 1
MOV R2, [R2]
PUSH R2
PUSH R0
MOV R1, [R1]
CALL R1
POP R0
POP R1
POP R1
POP R1
POP R1
POP R1
MOV R1, R0
MOV R2, BP
ADD R2, -3
MOV R2, [R2]
ADD R2, 1
MOV [R2], R1
JMP L8
L7:
MOV R1, BP
ADD R1, -4
MOV R1, [R1]
MOV R2, BP
ADD R2, -3
MOV R2, [R2]
ADD R2, 0
MOV R2, [R2]
GT R1, R2
JZ R1, L9
MOV R1, BP
ADD R1, -6
ADD R1, 1
MOV R1, [R1]
ADD R1, 4
PUSH R1
MOV R2, BP
ADD R2, -6
MOV R2, [R2]
PUSH R2
MOV R2, 4096
PUSH R2
MOV R2, BP
ADD R2, -4
MOV R2, [R2]
PUSH R2
MOV R2, BP
ADD R2, -3
MOV R2, [R2]
ADD R2, 2
MOV R2, [R2]
PUSH R2
PUSH R0
MOV R1, [R1]
CALL R1
POP R0
POP R1
POP R1
POP R1
POP R1
POP R1
MOV R1, R0
MOV R2, BP
ADD R2, -3
MOV R2, [R2]
ADD R2, 2
MOV [R2], R1
L9:
L8:
L6:
MOV R1, BP
ADD R1, -3
MOV R1, [R1]
MOV R2, BP
SUB R2, 2
MOV [R2], R1
POP R0
POP BP
RET
F5:
PUSH BP
MOV BP, SP
MOV R2, SP
ADD SP, 1
L10:
ADD R2, 1
MOV R1, R2
MOV [R1], 0
EQ R1, SP
JZ R1, L10
MOV R1, BP
ADD R1, -3
MOV R1, [R1]
MOV R2, 0
NE R1, R2
JZ R1, L11
MOV R1, BP
ADD R1, -5
ADD R1, 1
MOV R1, [R1]
ADD R1, 5
PUSH R1
MOV R2, BP
ADD R2, -5
MOV R2, [R2]
PUSH R2
MOV R2, 4096
PUSH R2
MOV R2, BP
ADD R2, -3
MOV R2, [R2]
ADD R2, 1
MOV R2, [R2]
PUSH R2
PUSH R0
MOV R1, [R1]
CALL R1
POP R0
POP R1
POP R1
POP R1
POP R1
MOV R1, R0
MOV R2, BP
ADD R2, 1
MOV [R2], R1
MOV R1, BP
ADD R1, -3
MOV R1, [R1]
ADD R1, 0
MOV R1, [R1]
PUSH R1
MOV R0,"Write"
PUSH R0
MOV R0,-2
PUSH R0
MOV R0, R1
PUSH R0
PUSH R0
PUSH R0
CALL 0
POP R0
POP R1
POP R1
POP R1
POP R1
POP R1
MOV R1, BP
ADD R1, -5
ADD R1, 1
MOV R1, [R1]
ADD R1, 5
PUSH R1
MOV R2, BP
ADD R2, -5
MOV R2, [R2]
PUSH R2
MOV R2, 4096
PUSH R2
MOV R2, BP
ADD R2, -3
MOV R2, [R2]
ADD R2, 2
MOV R2, [R2]
PUSH R2
PUSH R0
MOV R1, [R1]
CALL R1
POP R0
POP R1
POP R1
POP R1
POP R1
MOV R1, R0
MOV R2, BP
ADD R2, 1
MOV [R2], R1
L11:
MOV R1, 1
MOV R2, BP
SUB R2, 2
MOV [R2], R1
POP R0
POP BP
RET
F6:
PUSH BP
MOV BP, SP
MOV R2, SP
ADD SP, 1
L12:
ADD R2, 1
MOV R1, R2
MOV [R1], 0
EQ R1, SP
JZ R1, L12
MOV R1, BP
ADD R1, -3
MOV R1, [R1]
MOV R2, 0
NE R1, R2
JZ R1, L13
MOV R1, BP
ADD R1, -3
MOV R1, [R1]
ADD R1, 0
MOV R1, [R1]
PUSH R1
MOV R0,"Write"
PUSH R0
MOV R0,-2
PUSH R0
MOV R0, R1
PUSH R0
PUSH R0
PUSH R0
CALL 0
POP R0
POP R1
POP R1
POP R1
POP R1
POP R1
MOV R1, BP
ADD R1, -5
ADD R1, 1
MOV R1, [R1]
ADD R1, 6
PUSH R1
MOV R2, BP
ADD R2, -5
MOV R2, [R2]
PUSH R2
MOV R2, 4096
PUSH R2
MOV R2, BP
ADD R2, -3
MOV R2, [R2]
ADD R2, 1
MOV R2, [R2]
PUSH R2
PUSH R0
MOV R1, [R1]
CALL R1
POP R0
POP R1
POP R1
POP R1
POP R1
MOV R1, R0
MOV R2, BP
ADD R2, 1
MOV [R2], R1
MOV R1, BP
ADD R1, -5
ADD R1, 1
MOV R1, [R1]
ADD R1, 6
PUSH R1
MOV R2, BP
ADD R2, -5
MOV R2, [R2]
PUSH R2
MOV R2, 4096
PUSH R2
MOV R2, BP
ADD R2, -3
MOV R2, [R2]
ADD R2, 2
MOV R2, [R2]
PUSH R2
PUSH R0
MOV R1, [R1]
CALL R1
POP R0
POP R1
POP R1
POP R1
POP R1
MOV R1, R0
MOV R2, BP
ADD R2, 1
MOV [R2], R1
L13:
MOV R1, 1
MOV R2, BP
SUB R2, 2
MOV [R2], R1
POP R0
POP BP
RET
F7:
PUSH BP
MOV BP, SP
MOV R2, SP
ADD SP, 1
L14:
ADD R2, 1
MOV R1, R2
MOV [R1], 0
EQ R1, SP
JZ R1, L14
MOV R1, BP
ADD R1, -3
MOV R1, [R1]
MOV R2, 0
NE R1, R2
JZ R1, L15
MOV R1, BP
ADD R1, -5
ADD R1, 1
MOV R1, [R1]
ADD R1, 7
PUSH R1
MOV R2, BP
ADD R2, -5
MOV R2, [R2]
PUSH R2
MOV R2, 4096
PUSH R2
MOV R2, BP
ADD R2, -3
MOV R2, [R2]
ADD R2, 1
MOV R2, [R2]
PUSH R2
PUSH R0
MOV R1, [R1]
CALL R1
POP R0
POP R1
POP R1
POP R1
POP R1
MOV R1, R0
MOV R2, BP
ADD R2, 1
MOV [R2], R1
MOV R1, BP
ADD R1, -5
ADD R1, 1
MOV R1, [R1]
ADD R1, 7
PUSH R1
MOV R2, BP
ADD R2, -5
MOV R2, [R2]
PUSH R2
MOV R2, 4096
PUSH R2
MOV R2, BP
ADD R2, -3
MOV R2, [R2]
ADD R2, 2
MOV R2, [R2]
PUSH R2
PUSH R0
MOV R1, [R1]
CALL R1
POP R0
POP R1
POP R1
POP R1
POP R1
MOV R1, R0
MOV R2, BP
ADD R2, 1
MOV [R2], R1
MOV R1, BP
ADD R1, -3
MOV R1, [R1]
ADD R1, 0
MOV R1, [R1]
PUSH R1
MOV R0,"Write"
PUSH R0
MOV R0,-2
PUSH R0
MOV R0, R1
PUSH R0
PUSH R0
PUSH R0
CALL 0
POP R0
POP R1
POP R1
POP R1
POP R1
POP R1
L15:
MOV R1, 1
MOV R2, BP
SUB R2, 2
MOV [R2], R1
POP R0
POP BP
RET
GEN:
MOV R2, SP
MOV SP, 4105
L16:
ADD R2, 1
MOV R1, R2
MOV [R1], 0
EQ R1, SP
JZ R1, L16
ADD SP, 1
MOV R1, 4096
MOV [R1], F0
MOV R1, 4097
MOV [R1], F1
MOV R1, 4098
MOV [R1], F2
MOV R1, 4099
MOV [R1], F3
MOV R1, 4100
MOV [R1], F4
MOV R1, 4101
MOV [R1], F5
MOV R1, 4102
MOV [R1], F6
MOV R1, 4103
MOV [R1], F7
MOV R1, 4105
MOV [R1], 4096
CALL MAIN
CALL EXIT
MAIN:
PUSH BP
MOV BP, SP
MOV R2, SP
ADD SP, 4
L17:
ADD R2, 1
MOV R1, R2
MOV [R1], 0
EQ R1, SP
JZ R1, L17
PUSH R1
MOV R0,"Initialize"
PUSH R0
PUSH R0
PUSH R0
PUSH R0
PUSH R0
CALL 0
POP R0
POP R1
POP R1
POP R1
POP R1
POP R1
MOV R1, R0
MOV R2, BP
ADD R2, 2
MOV [R2], R1
PUSH R1
MOV R0,"Alloc"
PUSH R0
PUSH R0
PUSH R0
PUSH R0
PUSH R0
CALL 0
POP R0
POP R1
POP R1
POP R1
POP R1
POP R1
MOV R1, R0
MOV R2, 4104
MOV [R2], R1
MOV R1, 4104
ADD R1, 1
MOV R1, [R1]
ADD R1, 0
PUSH R1
PUSH R0
MOV R1, [R1]
CALL R1
POP R0
POP R1
MOV R1, R0
MOV R2, BP
ADD R2, 2
MOV [R2], R1
MOV R1, BP
ADD R1, 4
PUSH R1
MOV R0,"Read"
PUSH R0
MOV R0,-1
PUSH R0
MOV R0, R1
PUSH R0
PUSH R0
PUSH R0
CALL 0
POP R0
POP R1
POP R1
POP R1
POP R1
POP R1
MOV R1, 4104
ADD R1, 1
MOV R1, [R1]
ADD R1, 1
PUSH R1
PUSH R0
MOV R1, [R1]
CALL R1
POP R0
POP R1
MOV R1, R0
MOV R2, BP
ADD R2, 1
MOV [R2], R1
L18:
MOV R1, BP
ADD R1, 4
MOV R1, [R1]
MOV R2, 0
NE R1, R2
JZ R1, L19
MOV R2, 4104
ADD R2, 1
MOV R2, [R2]
ADD R2, 4
PUSH R1
PUSH R2
MOV R3, 4104
MOV R3, [R3]
PUSH R3
MOV R3, 4096
PUSH R3
MOV R3, BP
ADD R3, 4
MOV R3, [R3]
PUSH R3
MOV R3, BP
ADD R3, 1
MOV R3, [R3]
PUSH R3
PUSH R0
MOV R2, [R2]
CALL R2
POP R0
POP R1
POP R1
POP R1
POP R1
POP R2
POP R1
MOV R2, R0
MOV R3, BP
ADD R3, 1
MOV [R3], R2
MOV R2, BP
ADD R2, 4
PUSH R1
PUSH R2
MOV R0,"Read"
PUSH R0
MOV R0,-1
PUSH R0
MOV R0, R2
PUSH R0
PUSH R0
PUSH R0
CALL 0
POP R0
POP R1
POP R1
POP R1
POP R1
POP R2
POP R1
JMP L18
L19:
MOV R1, 4104
ADD R1, 1
MOV R1, [R1]
ADD R1, 2
PUSH R1
MOV R2, 4104
MOV R2, [R2]
PUSH R2
MOV R2, 4096
PUSH R2
MOV R2, BP
ADD R2, 1
MOV R2, [R2]
PUSH R2
PUSH R0
MOV R1, [R1]
CALL R1
POP R0
POP R1
POP R1
POP R1
POP R1
MOV R1, R0
MOV R2, BP
ADD R2, 2
MOV [R2], R1
MOV R1, 4104
ADD R1, 1
MOV R1, [R1]
ADD R1, 5
PUSH R1
MOV R2, 4104
MOV R2, [R2]
PUSH R2
MOV R2, 4096
PUSH R2
MOV R2, 4104
MOV R2, [R2]
PUSH R2
PUSH R0
MOV R1, [R1]
CALL R1
POP R0
POP R1
POP R1
POP R1
POP R1
MOV R1, R0
MOV R2, BP
ADD R2, 3
MOV [R2], R1
MOV R1, 4104
ADD R1, 1
MOV R1, [R1]
ADD R1, 6
PUSH R1
MOV R2, 4104
MOV R2, [R2]
PUSH R2
MOV R2, 4096
PUSH R2
MOV R2, 4104
MOV R2, [R2]
PUSH R2
PUSH R0
MOV R1, [R1]
CALL R1
POP R0
POP R1
POP R1
POP R1
POP R1
MOV R1, R0
MOV R2, BP
ADD R2, 3
MOV [R2], R1
MOV R1, 4104
ADD R1, 1
MOV R1, [R1]
ADD R1, 7
PUSH R1
MOV R2, 4104
MOV R2, [R2]
PUSH R2
MOV R2, 4096
PUSH R2
MOV R2, 4104
MOV R2, [R2]
PUSH R2
PUSH R0
MOV R1, [R1]
CALL R1
POP R0
POP R1
POP R1
POP R1
POP R1
MOV R1, R0
MOV R2, BP
ADD R2, 3
MOV [R2], R1
MOV R1, 0
MOV R2, BP
SUB R2, 2
MOV [R2], R1
POP R0
POP R0
POP R0
POP R0
POP BP
RET
EXIT:
MOV R0,"Exit"
PUSH R0
PUSH R0
PUSH R0
PUSH R0
PUSH R0
CALL 0
POP R0
POP R1
POP R1
POP R1
POP R1
