0
2056
0
0
0
0
0
0
MOV SP, 4125
MOV R1, 0
MOV R2, 4123
MOV [R2], R1
MOV R1, 0
MOV R2, 4124
MOV [R2], R1
L0:
MOV R1, 4123
MOV R1, [R1]
MOV R2, 3
LT R1, R2
JZ R1, L1
MOV R2, 0
MOV R3, 4124
MOV [R3], R2
L2:
MOV R2, 4124
MOV R2, [R2]
MOV R3, 3
LT R2, R3
JZ R2, L3
MOV R3, 4123
MOV R3, [R3]
MUL R3, 3
MOV R4, 4124
MOV R4, [R4]
ADD R3, R4
ADD R3, 4096
PUSH R1
PUSH R2
PUSH R3
PUSH R4
PUSH R5
PUSH R6
PUSH R7
PUSH R8
PUSH R9
PUSH R10
PUSH R11
PUSH R12
PUSH R13
PUSH R14
PUSH R15
PUSH R16
PUSH R17
PUSH R18
PUSH R19
MOV R0,"Read"
PUSH R0
MOV R0,-1
PUSH R0
MOV R0, R3
PUSH R0
PUSH R0
PUSH R0
CALL 0
POP R0
POP R1
POP R1
POP R1
POP R1
POP R19
POP R18
POP R17
POP R16
POP R15
POP R14
POP R13
POP R12
POP R11
POP R10
POP R9
POP R8
POP R7
POP R6
POP R5
POP R4
POP R3
POP R2
POP R1
MOV R3, 0
MOV R4, 4123
MOV R4, [R4]
MUL R4, 3
MOV R5, 4124
MOV R5, [R5]
ADD R4, R5
ADD R4, 4114
MOV [R4], R3
MOV R3, 4124
MOV R3, [R3]
MOV R4, 1
ADD R3, R4
MOV R4, 4124
MOV [R4], R3
JMP L2
L3:
MOV R2, 4123
MOV R2, [R2]
MOV R3, 1
ADD R2, R3
MOV R3, 4123
MOV [R3], R2
JMP L0
L1:
MOV R1, 0
MOV R2, 4123
MOV [R2], R1
MOV R1, 0
MOV R2, 4124
MOV [R2], R1
L4:
MOV R1, 4123
MOV R1, [R1]
MOV R2, 3
LT R1, R2
JZ R1, L5
MOV R2, 0
MOV R3, 4124
MOV [R3], R2
L6:
MOV R2, 4124
MOV R2, [R2]
MOV R3, 3
LT R2, R3
JZ R2, L7
MOV R3, 4123
MOV R3, [R3]
MUL R3, 3
MOV R4, 4124
MOV R4, [R4]
ADD R3, R4
ADD R3, 4105
PUSH R1
PUSH R2
PUSH R3
PUSH R4
PUSH R5
PUSH R6
PUSH R7
PUSH R8
PUSH R9
PUSH R10
PUSH R11
PUSH R12
PUSH R13
PUSH R14
PUSH R15
PUSH R16
PUSH R17
PUSH R18
PUSH R19
MOV R0,"Read"
PUSH R0
MOV R0,-1
PUSH R0
MOV R0, R3
PUSH R0
PUSH R0
PUSH R0
CALL 0
POP R0
POP R1
POP R1
POP R1
POP R1
POP R19
POP R18
POP R17
POP R16
POP R15
POP R14
POP R13
POP R12
POP R11
POP R10
POP R9
POP R8
POP R7
POP R6
POP R5
POP R4
POP R3
POP R2
POP R1
MOV R3, 4124
MOV R3, [R3]
MOV R4, 1
ADD R3, R4
MOV R4, 4124
MOV [R4], R3
JMP L6
L7:
MOV R2, 4123
MOV R2, [R2]
MOV R3, 1
ADD R2, R3
MOV R3, 4123
MOV [R3], R2
JMP L4
L5:
MOV R1, 0
MOV R2, 4123
MOV [R2], R1
MOV R1, 0
MOV R2, 4124
MOV [R2], R1
MOV R1, 0
MOV R2, 4125
MOV [R2], R1
L8:
MOV R1, 4123
MOV R1, [R1]
MOV R2, 3
LT R1, R2
JZ R1, L9
MOV R2, 0
MOV R3, 4124
MOV [R3], R2
L10:
MOV R2, 4124
MOV R2, [R2]
MOV R3, 3
LT R2, R3
JZ R2, L11
MOV R3, 0
MOV R4, 4125
MOV [R4], R3
L12:
MOV R3, 4125
MOV R3, [R3]
MOV R4, 3
LT R3, R4
JZ R3, L13
MOV R4, 4123
MOV R4, [R4]
MUL R4, 3
MOV R5, 4125
MOV R5, [R5]
ADD R4, R5
ADD R4, 4114
MOV R4, [R4]
MOV R5, 4123
MOV R5, [R5]
MUL R5, 3
MOV R6, 4124
MOV R6, [R6]
ADD R5, R6
ADD R5, 4096
MOV R5, [R5]
MOV R6, 4124
MOV R6, [R6]
MUL R6, 3
MOV R7, 4125
MOV R7, [R7]
ADD R6, R7
ADD R6, 4105
MOV R6, [R6]
MUL R5, R6
ADD R4, R5
MOV R5, 4123
MOV R5, [R5]
MUL R5, 3
MOV R6, 4125
MOV R6, [R6]
ADD R5, R6
ADD R5, 4114
MOV [R5], R4
MOV R4, 4125
MOV R4, [R4]
MOV R5, 1
ADD R4, R5
MOV R5, 4125
MOV [R5], R4
JMP L12
L13:
MOV R3, 4124
MOV R3, [R3]
MOV R4, 1
ADD R3, R4
MOV R4, 4124
MOV [R4], R3
JMP L10
L11:
MOV R2, 4123
MOV R2, [R2]
MOV R3, 1
ADD R2, R3
MOV R3, 4123
MOV [R3], R2
JMP L8
L9:
MOV R1, 0
MOV R2, 4123
MOV [R2], R1
MOV R1, 0
MOV R2, 4124
MOV [R2], R1
L14:
MOV R1, 4123
MOV R1, [R1]
MOV R2, 3
LT R1, R2
JZ R1, L15
MOV R2, 0
MOV R3, 4124
MOV [R3], R2
L16:
MOV R2, 4124
MOV R2, [R2]
MOV R3, 3
LT R2, R3
JZ R2, L17
MOV R3, 4123
MOV R3, [R3]
MUL R3, 3
MOV R4, 4124
MOV R4, [R4]
ADD R3, R4
ADD R3, 4114
MOV R3, [R3]
PUSH R1
PUSH R2
PUSH R3
PUSH R4
PUSH R5
PUSH R6
PUSH R7
PUSH R8
PUSH R9
PUSH R10
PUSH R11
PUSH R12
PUSH R13
PUSH R14
PUSH R15
PUSH R16
PUSH R17
PUSH R18
PUSH R19
MOV R0,"Write"
PUSH R0
MOV R0,-2
PUSH R0
MOV R0, R3
PUSH R0
PUSH R0
PUSH R0
CALL 0
POP R0
POP R1
POP R1
POP R1
POP R1
POP R19
POP R18
POP R17
POP R16
POP R15
POP R14
POP R13
POP R12
POP R11
POP R10
POP R9
POP R8
POP R7
POP R6
POP R5
POP R4
POP R3
POP R2
POP R1
MOV R3, 4124
MOV R3, [R3]
MOV R4, 1
ADD R3, R4
MOV R4, 4124
MOV [R4], R3
JMP L16
L17:
MOV R2, 4123
MOV R2, [R2]
MOV R3, 1
ADD R2, R3
MOV R3, 4123
MOV [R3], R2
JMP L14
L15:
PUSH R1
PUSH R2
PUSH R3
PUSH R4
PUSH R5
PUSH R6
PUSH R7
PUSH R8
PUSH R9
PUSH R10
PUSH R11
PUSH R12
PUSH R13
PUSH R14
PUSH R15
PUSH R16
PUSH R17
PUSH R18
PUSH R19
MOV R0,"Exit"
PUSH R0
PUSH R0
PUSH R0
PUSH R0
PUSH R0
CALL 0
POP R0
POP R1
POP R1
POP R1
POP R1
POP R19
POP R18
POP R17
POP R16
POP R15
POP R14
POP R13
POP R12
POP R11
POP R10
POP R9
POP R8
POP R7
POP R6
POP R5
POP R4
POP R3
POP R2
POP R1
